2023-02-18T08:19:41+00:00 CRITICAL Uncaught Error: Call to undefined function wp_header() in /usr/local/lsws/test.ffilm.online/html/public/wp-content/themes/thienphuauto/index.php:3
Stack trace:
#0 /usr/local/lsws/test.ffilm.online/html/public/wp-includes/template-loader.php(106): include()
#1 /usr/local/lsws/test.ffilm.online/html/public/wp-blog-header.php(19): require_once('/usr/local/lsws...')
#2 /usr/local/lsws/test.ffilm.online/html/public/index.php(17): require('/usr/local/lsws...')
#3 {main}
  thrown in /usr/local/lsws/test.ffilm.online/html/public/wp-content/themes/thienphuauto/index.php on line 3

2023-02-18T08:50:30+00:00 CRITICAL Uncaught Error: Call to undefined function blog_info() in /usr/local/lsws/test.ffilm.online/html/public/wp-content/themes/thienphuauto/footer.php:91
Stack trace:
#0 /usr/local/lsws/test.ffilm.online/html/public/wp-includes/template.php(783): require_once()
#1 /usr/local/lsws/test.ffilm.online/html/public/wp-includes/template.php(718): load_template()
#2 /usr/local/lsws/test.ffilm.online/html/public/wp-includes/general-template.php(92): locate_template()
#3 /usr/local/lsws/test.ffilm.online/html/public/wp-content/themes/thienphuauto/index.php(2154): get_footer()
#4 /usr/local/lsws/test.ffilm.online/html/public/wp-includes/template-loader.php(106): include('/usr/local/lsws...')
#5 /usr/local/lsws/test.ffilm.online/html/public/wp-blog-header.php(19): require_once('/usr/local/lsws...')
#6 /usr/local/lsws/test.ffilm.online/html/public/index.php(17): require('/usr/local/lsws...')
#7 {main}
  thrown in /usr/local/lsws/test.ffilm.online/html/public/wp-content/themes/thienphuauto/footer.php on line 91

2023-02-18T09:20:39+00:00 CRITICAL Uncaught ArgumentCountError: Too few arguments to function add_filter(), 1 passed in /usr/local/lsws/test.ffilm.online/html/public/wp-content/themes/thienphuauto/functions.php on line 14 and at least 2 expected in /usr/local/lsws/test.ffilm.online/html/public/wp-includes/plugin.php:121
Stack trace:
#0 /usr/local/lsws/test.ffilm.online/html/public/wp-content/themes/thienphuauto/functions.php(14): add_filter()
#1 /usr/local/lsws/test.ffilm.online/html/public/wp-settings.php(585): include('/usr/local/lsws...')
#2 /usr/local/lsws/test.ffilm.online/html/public/wp-config.php(101): require_once('/usr/local/lsws...')
#3 /usr/local/lsws/test.ffilm.online/html/public/wp-load.php(50): require_once('/usr/local/lsws...')
#4 /usr/local/lsws/test.ffilm.online/html/public/wp-admin/admin-ajax.php(22): require_once('/usr/local/lsws...')
#5 {main}
  thrown in /usr/local/lsws/test.ffilm.online/html/public/wp-includes/plugin.php on line 121

2023-02-18T09:20:39+00:00 CRITICAL Uncaught ArgumentCountError: Too few arguments to function add_filter(), 1 passed in /usr/local/lsws/test.ffilm.online/html/public/wp-content/themes/thienphuauto/functions.php on line 14 and at least 2 expected in /usr/local/lsws/test.ffilm.online/html/public/wp-includes/plugin.php:121
Stack trace:
#0 /usr/local/lsws/test.ffilm.online/html/public/wp-content/themes/thienphuauto/functions.php(14): add_filter()
#1 /usr/local/lsws/test.ffilm.online/html/public/wp-settings.php(585): include('/usr/local/lsws...')
#2 /usr/local/lsws/test.ffilm.online/html/public/wp-config.php(101): require_once('/usr/local/lsws...')
#3 /usr/local/lsws/test.ffilm.online/html/public/wp-load.php(50): require_once('/usr/local/lsws...')
#4 /usr/local/lsws/test.ffilm.online/html/public/wp-blog-header.php(13): require_once('/usr/local/lsws...')
#5 /usr/local/lsws/test.ffilm.online/html/public/index.php(17): require('/usr/local/lsws...')
#6 {main}
  thrown in /usr/local/lsws/test.ffilm.online/html/public/wp-includes/plugin.php on line 121

2023-02-18T09:20:50+00:00 CRITICAL Uncaught ArgumentCountError: Too few arguments to function add_action(), 1 passed in /usr/local/lsws/test.ffilm.online/html/public/wp-content/themes/thienphuauto/functions.php on line 14 and at least 2 expected in /usr/local/lsws/test.ffilm.online/html/public/wp-includes/plugin.php:441
Stack trace:
#0 /usr/local/lsws/test.ffilm.online/html/public/wp-content/themes/thienphuauto/functions.php(14): add_action()
#1 /usr/local/lsws/test.ffilm.online/html/public/wp-settings.php(585): include('/usr/local/lsws...')
#2 /usr/local/lsws/test.ffilm.online/html/public/wp-config.php(101): require_once('/usr/local/lsws...')
#3 /usr/local/lsws/test.ffilm.online/html/public/wp-load.php(50): require_once('/usr/local/lsws...')
#4 /usr/local/lsws/test.ffilm.online/html/public/wp-blog-header.php(13): require_once('/usr/local/lsws...')
#5 /usr/local/lsws/test.ffilm.online/html/public/index.php(17): require('/usr/local/lsws...')
#6 {main}
  thrown in /usr/local/lsws/test.ffilm.online/html/public/wp-includes/plugin.php on line 441

2023-02-18T09:22:40+00:00 CRITICAL Uncaught ArgumentCountError: Too few arguments to function add_action(), 1 passed in /usr/local/lsws/test.ffilm.online/html/public/wp-content/themes/thienphuauto/functions.php on line 14 and at least 2 expected in /usr/local/lsws/test.ffilm.online/html/public/wp-includes/plugin.php:441
Stack trace:
#0 /usr/local/lsws/test.ffilm.online/html/public/wp-content/themes/thienphuauto/functions.php(14): add_action()
#1 /usr/local/lsws/test.ffilm.online/html/public/wp-settings.php(585): include('/usr/local/lsws...')
#2 /usr/local/lsws/test.ffilm.online/html/public/wp-config.php(101): require_once('/usr/local/lsws...')
#3 /usr/local/lsws/test.ffilm.online/html/public/wp-load.php(50): require_once('/usr/local/lsws...')
#4 /usr/local/lsws/test.ffilm.online/html/public/wp-admin/admin-ajax.php(22): require_once('/usr/local/lsws...')
#5 {main}
  thrown in /usr/local/lsws/test.ffilm.online/html/public/wp-includes/plugin.php on line 441

2023-02-18T09:25:00+00:00 CRITICAL Uncaught Error: Call to undefined function get_product_catalog() in /usr/local/lsws/test.ffilm.online/html/public/wp-content/themes/thienphuauto/index.php:84
Stack trace:
#0 /usr/local/lsws/test.ffilm.online/html/public/wp-includes/template-loader.php(106): include()
#1 /usr/local/lsws/test.ffilm.online/html/public/wp-blog-header.php(19): require_once('/usr/local/lsws...')
#2 /usr/local/lsws/test.ffilm.online/html/public/index.php(17): require('/usr/local/lsws...')
#3 {main}
  thrown in /usr/local/lsws/test.ffilm.online/html/public/wp-content/themes/thienphuauto/index.php on line 84

2023-02-18T09:25:28+00:00 CRITICAL Uncaught Error: Call to undefined function get_product_catalog() in /usr/local/lsws/test.ffilm.online/html/public/wp-content/themes/thienphuauto/index.php:84
Stack trace:
#0 /usr/local/lsws/test.ffilm.online/html/public/wp-includes/template-loader.php(106): include()
#1 /usr/local/lsws/test.ffilm.online/html/public/wp-blog-header.php(19): require_once('/usr/local/lsws...')
#2 /usr/local/lsws/test.ffilm.online/html/public/index.php(17): require('/usr/local/lsws...')
#3 {main}
  thrown in /usr/local/lsws/test.ffilm.online/html/public/wp-content/themes/thienphuauto/index.php on line 84

2023-02-18T09:29:29+00:00 CRITICAL Uncaught ArgumentCountError: Too few arguments to function vietnam_garage_vn_get_product_catalog_list(), 0 passed in /usr/local/lsws/test.ffilm.online/html/public/wp-content/themes/thienphuauto/index.php on line 84 and exactly 1 expected in /usr/local/lsws/test.ffilm.online/html/public/wp-content/themes/thienphuauto/functions.php:5
Stack trace:
#0 /usr/local/lsws/test.ffilm.online/html/public/wp-content/themes/thienphuauto/index.php(84): vietnam_garage_vn_get_product_catalog_list()
#1 /usr/local/lsws/test.ffilm.online/html/public/wp-includes/template-loader.php(106): include('/usr/local/lsws...')
#2 /usr/local/lsws/test.ffilm.online/html/public/wp-blog-header.php(19): require_once('/usr/local/lsws...')
#3 /usr/local/lsws/test.ffilm.online/html/public/index.php(17): require('/usr/local/lsws...')
#4 {main}
  thrown in /usr/local/lsws/test.ffilm.online/html/public/wp-content/themes/thienphuauto/functions.php on line 5

2023-02-18T09:29:53+00:00 CRITICAL Uncaught ArgumentCountError: Too few arguments to function vietnam_garage_vn_get_product_catalog_list(), 0 passed in /usr/local/lsws/test.ffilm.online/html/public/wp-content/themes/thienphuauto/index.php on line 84 and exactly 1 expected in /usr/local/lsws/test.ffilm.online/html/public/wp-content/themes/thienphuauto/functions.php:5
Stack trace:
#0 /usr/local/lsws/test.ffilm.online/html/public/wp-content/themes/thienphuauto/index.php(84): vietnam_garage_vn_get_product_catalog_list()
#1 /usr/local/lsws/test.ffilm.online/html/public/wp-includes/template-loader.php(106): include('/usr/local/lsws...')
#2 /usr/local/lsws/test.ffilm.online/html/public/wp-blog-header.php(19): require_once('/usr/local/lsws...')
#3 /usr/local/lsws/test.ffilm.online/html/public/index.php(17): require('/usr/local/lsws...')
#4 {main}
  thrown in /usr/local/lsws/test.ffilm.online/html/public/wp-content/themes/thienphuauto/functions.php on line 5

2023-02-18T09:30:47+00:00 CRITICAL Uncaught ArgumentCountError: Too few arguments to function vietnam_garage_vn_get_product_catalog_list(), 0 passed in /usr/local/lsws/test.ffilm.online/html/public/wp-content/themes/thienphuauto/index.php on line 84 and exactly 1 expected in /usr/local/lsws/test.ffilm.online/html/public/wp-content/themes/thienphuauto/functions.php:5
Stack trace:
#0 /usr/local/lsws/test.ffilm.online/html/public/wp-content/themes/thienphuauto/index.php(84): vietnam_garage_vn_get_product_catalog_list()
#1 /usr/local/lsws/test.ffilm.online/html/public/wp-includes/template-loader.php(106): include('/usr/local/lsws...')
#2 /usr/local/lsws/test.ffilm.online/html/public/wp-blog-header.php(19): require_once('/usr/local/lsws...')
#3 /usr/local/lsws/test.ffilm.online/html/public/index.php(17): require('/usr/local/lsws...')
#4 {main}
  thrown in /usr/local/lsws/test.ffilm.online/html/public/wp-content/themes/thienphuauto/functions.php on line 5

